<?xml version="1.0" encoding="UTF-8"?>
<robot generator="Robot 4.1.3 (Python 3.7.5 on darwin)" generated="20220203 22:48:21.919" rpa="true" schemaversion="2">
<suite id="s1" name="Tasks" source="/Users/paritosh_kashyap/Documents/Robocorp-Paritosh/tasks.robot">
<test id="s1-t1" name="Selector creation process">
<kw name="Set Variable" library="BuiltIn">
<var>${sales_reps}</var>
<arg>1</arg>
<doc>Returns the given values which can then be assigned to a variables.</doc>
<msg timestamp="20220203 22:48:22.578" level="INFO">${sales_reps} = 1</msg>
<status status="PASS" starttime="20220203 22:48:22.578" endtime="20220203 22:48:22.578"/>
</kw>
<kw name="Log To Console" library="BuiltIn">
<arg>css:tr:nth-child(1) &gt; td:nth-child(2)</arg>
<doc>Logs the given message to the console.</doc>
<status status="PASS" starttime="20220203 22:48:22.578" endtime="20220203 22:48:22.578"/>
</kw>
<kw name="Log To Console" library="BuiltIn">
<arg>css:tr:nth-child(1) &gt; td:nth-child(${sales_reps})</arg>
<doc>Logs the given message to the console.</doc>
<status status="PASS" starttime="20220203 22:48:22.579" endtime="20220203 22:48:22.579"/>
</kw>
<status status="PASS" starttime="20220203 22:48:22.577" endtime="20220203 22:48:22.579"/>
</test>
<doc>Template robot main suite.</doc>
<status status="PASS" starttime="20220203 22:48:21.920" endtime="20220203 22:48:22.580"/>
</suite>
<statistics>
<total>
<stat pass="1" fail="0" skip="0">All Tasks</stat>
</total>
<tag>
</tag>
<suite>
<stat pass="1" fail="0" skip="0" id="s1" name="Tasks">Tasks</stat>
</suite>
</statistics>
<errors>
</errors>
</robot>
